23/07/2020 20:50:08 Thesis identified: SUPER MARIO, ENTWICKLUNG EINES GANZ TOLLEN ALGORITHMUS
23/07/2020 20:50:46 Thesis identified: SUPER MARIO, ENTWICKLUNG EINES GANZ TOLLEN ALGORITHMUS, Deadline: None, Time handed in: None
23/07/2020 20:50:47 Thesis identified: MAX MUSTERMANN, FLUSSERKENNUNG AUF LUFTAUFNAHMEN DURCH MASCHINELLES LERNEN, Deadline: None, Time handed in: None
23/07/2020 20:50:47 Thesis identified: SONJA SUPERSCHLAU, VERBRAUCHER-TRACKING IN DER DATENÖKONOMIE UND ALGORITHMISCHE ENTSCHEIDUNGSFINDUNG, Deadline: None, Time handed in: None
23/07/2020 20:50:48 Thesis identified: BARBARA GRÜNWALD, ANWENDUNGSMÖGLICHKEITEN UND RISIKEN DER BLOCKCHAIN IM WEB 3.0, Deadline: None, Time handed in: None
23/07/2020 20:50:49 Thesis identified: BARBARA GRÜNWALD, EINSATZ UND FUNKTION DER POLYGONE IN DER 3D-MODELLIERUNG, Deadline: None, Time handed in: None
23/07/2020 21:02:05 Thesis identified: SUPER MARIO                   , ENTWICKLUNG EINES GANZ TOLLEN ALGORITHMUS
23/07/2020 21:02:06 Thesis identified: MAX MUSTERMANN                , FLUSSERKENNUNG AUF LUFTAUFNAHMEN DURCH MASCHINELLES LERNEN
23/07/2020 21:02:07 Thesis identified: SONJA SUPERSCHLAU             , VERBRAUCHER-TRACKING IN DER DATENÖKONOMIE UND ALGORITHMISCHE ENTSCHEIDUNGSFINDUNG
23/07/2020 21:02:07 Thesis identified: BARBARA GRÜNWALD              , ANWENDUNGSMÖGLICHKEITEN UND RISIKEN DER BLOCKCHAIN IM WEB 3.0
23/07/2020 21:02:08 Thesis identified: BARBARA GRÜNWALD              , EINSATZ UND FUNKTION DER POLYGONE IN DER 3D-MODELLIERUNG
23/07/2020 21:02:37 Thesis identified: SUPER MARIO                    | ENTWICKLUNG EINES GANZ TOLLEN ALGORITHMUS
23/07/2020 21:02:37 Thesis identified: MAX MUSTERMANN                 | FLUSSERKENNUNG AUF LUFTAUFNAHMEN DURCH MASCHINELLES LERNEN
23/07/2020 21:02:38 Thesis identified: SONJA SUPERSCHLAU              | VERBRAUCHER-TRACKING IN DER DATENÖKONOMIE UND ALGORITHMISCHE ENTSCHEIDUNGSFINDUNG
23/07/2020 21:02:39 Thesis identified: BARBARA GRÜNWALD               | ANWENDUNGSMÖGLICHKEITEN UND RISIKEN DER BLOCKCHAIN IM WEB 3.0
23/07/2020 21:02:40 Thesis identified: BARBARA GRÜNWALD               | EINSATZ UND FUNKTION DER POLYGONE IN DER 3D-MODELLIERUNG
23/07/2020 21:03:03 Thesis identified: SUPER MARIO | ENTWICKLUNG EINES GANZ TOLLEN ALGORITHMUS
23/07/2020 21:03:04 Thesis identified: MAX MUSTERMANN | FLUSSERKENNUNG AUF LUFTAUFNAHMEN DURCH MASCHINELLES LERNEN
23/07/2020 21:03:05 Thesis identified: SONJA SUPERSCHLAU | VERBRAUCHER-TRACKING IN DER DATENÖKONOMIE UND ALGORITHMISCHE ENTSCHEIDUNGSFINDUNG
23/07/2020 21:03:06 Thesis identified: BARBARA GRÜNWALD | ANWENDUNGSMÖGLICHKEITEN UND RISIKEN DER BLOCKCHAIN IM WEB 3.0
23/07/2020 21:03:06 Thesis identified: BARBARA GRÜNWALD | EINSATZ UND FUNKTION DER POLYGONE IN DER 3D-MODELLIERUNG
23/07/2020 21:03:26 Thesis identified: SUPER MARIO, ENTWICKLUNG EINES GANZ TOLLEN ALGORITHMUS
23/07/2020 21:03:27 Thesis identified: MAX MUSTERMANN, FLUSSERKENNUNG AUF LUFTAUFNAHMEN DURCH MASCHINELLES LERNEN
23/07/2020 21:03:28 Thesis identified: SONJA SUPERSCHLAU, VERBRAUCHER-TRACKING IN DER DATENÖKONOMIE UND ALGORITHMISCHE ENTSCHEIDUNGSFINDUNG
23/07/2020 21:03:28 Thesis identified: BARBARA GRÜNWALD, ANWENDUNGSMÖGLICHKEITEN UND RISIKEN DER BLOCKCHAIN IM WEB 3.0
23/07/2020 21:03:29 Thesis identified: BARBARA GRÜNWALD, EINSATZ UND FUNKTION DER POLYGONE IN DER 3D-MODELLIERUNG
23/07/2020 21:17:00 Thesis could not be identified
23/07/2020 21:17:37 Thesis could not be identified
23/07/2020 21:21:26 Thesis could not be identified
23/07/2020 21:22:39 Thesis could not be identified
23/07/2020 21:25:20 WARNING Thesis could not be identified
23/07/2020 21:25:48 WARNING: Thesis could not be identified
23/07/2020 21:26:20 INFO: Thesis identified: SUPER MARIO, ENTWICKLUNG EINES GANZ TOLLEN ALGORITHMUS
23/07/2020 21:26:20 INFO: Thesis identified: MAX MUSTERMANN, FLUSSERKENNUNG AUF LUFTAUFNAHMEN DURCH MASCHINELLES LERNEN
23/07/2020 21:26:21 INFO: Thesis identified: SONJA SUPERSCHLAU, VERBRAUCHER-TRACKING IN DER DATENÖKONOMIE UND ALGORITHMISCHE ENTSCHEIDUNGSFINDUNG
23/07/2020 21:26:22 INFO: Thesis identified: BARBARA GRÜNWALD, ANWENDUNGSMÖGLICHKEITEN UND RISIKEN DER BLOCKCHAIN IM WEB 3.0
23/07/2020 21:26:22 INFO: Thesis identified: BARBARA GRÜNWALD, EINSATZ UND FUNKTION DER POLYGONE IN DER 3D-MODELLIERUNG
23/07/2020 21:43:04 INFO: Thesis identified: SUPER MARIO, ENTWICKLUNG EINES GANZ TOLLEN ALGORITHMUS
23/07/2020 21:43:05 INFO: Thesis identified: MAX MUSTERMANN, FLUSSERKENNUNG AUF LUFTAUFNAHMEN DURCH MASCHINELLES LERNEN
23/07/2020 21:43:05 INFO: Thesis identified: SONJA SUPERSCHLAU, VERBRAUCHER-TRACKING IN DER DATENÖKONOMIE UND ALGORITHMISCHE ENTSCHEIDUNGSFINDUNG
23/07/2020 21:43:06 INFO: Thesis identified: BARBARA GRÜNWALD, ANWENDUNGSMÖGLICHKEITEN UND RISIKEN DER BLOCKCHAIN IM WEB 3.0
23/07/2020 21:43:07 INFO: Thesis identified: BARBARA GRÜNWALD, EINSATZ UND FUNKTION DER POLYGONE IN DER 3D-MODELLIERUNG
